<?xml version="1.0" encoding="UTF-8"?>
<!-- Generated by org.testng.reporters.JUnitReportReporter -->
<testsuite hostname="DESKTOP-80HC1SB" name="testcase.TC007" tests="1" failures="0" timestamp="25 May 2020 07:35:13 GMT" time="104.144" errors="0">
  <testcase name="hillRailways" time="104.144" classname="testcase.TC007"/>
</testsuite> <!-- testcase.TC007 -->
