<?xml version="1.0" encoding="UTF-8"?>
<!-- Generated by org.testng.reporters.JUnitReportReporter -->
<testsuite hostname="DESKTOP-80HC1SB" name="testcase.TC001" tests="1" failures="0" timestamp="22 May 2020 11:21:08 GMT" time="352.174" errors="0">
  <testcase name="irctcRegister" time="352.174" classname="testcase.TC001"/>
</testsuite> <!-- testcase.TC001 -->
