<?xml version="1.0" encoding="UTF-8"?>
<!-- Generated by org.testng.reporters.JUnitReportReporter -->
<testsuite hostname="DESKTOP-80HC1SB" name="testcase.TC004" tests="1" failures="0" timestamp="22 May 2020 14:52:07 GMT" time="73.195" errors="0">
  <testcase name="saloonMandatoryCheck" time="73.195" classname="testcase.TC004"/>
</testsuite> <!-- testcase.TC004 -->
