<?xml version="1.0" encoding="UTF-8"?>
<!-- Generated by org.testng.reporters.JUnitReportReporter -->
<testsuite hostname="DESKTOP-80HC1SB" name="testcase.TC008" tests="1" failures="0" timestamp="24 May 2020 10:33:59 GMT" time="113.821" errors="0">
  <testcase name="bookHotels" time="113.821" classname="testcase.TC008"/>
</testsuite> <!-- testcase.TC008 -->
