<?xml version="1.0" encoding="UTF-8"?>
<!-- Generated by org.testng.reporters.JUnitReportReporter -->
<testsuite hostname="DESKTOP-80HC1SB" name="testcase.TC003" tests="1" failures="0" timestamp="22 May 2020 14:34:06 GMT" time="113.559" errors="0">
  <testcase name="nationalVoters" time="113.559" classname="testcase.TC003"/>
</testsuite> <!-- testcase.TC003 -->
