<?xml version="1.0" encoding="UTF-8"?>
<!-- Generated by org.testng.reporters.JUnitReportReporter -->
<testsuite hostname="DESKTOP-80HC1SB" name="testcase.TC006" tests="1" failures="0" timestamp="24 May 2020 10:12:15 GMT" time="137.979" errors="0">
  <testcase name="bookHotel2" time="137.979" classname="testcase.TC006"/>
</testsuite> <!-- testcase.TC006 -->
