<?xml version="1.0" encoding="UTF-8"?>
<!-- Generated by org.testng.reporters.JUnitReportReporter -->
<testsuite hostname="DESKTOP-80HC1SB" name="utils.SampleReporting" tests="1" failures="0" timestamp="13 May 2020 11:40:16 GMT" time="1.765" errors="0">
  <testcase name="reporting" time="1.765" classname="utils.SampleReporting"/>
</testsuite> <!-- utils.SampleReporting -->
